Traceback (most recent call last):
  File "/scratch/ml9715/monte-carlo-collective/experiments.py", line 526, in <module>
    config = yaml.safe_load(f)
             ^^^^^^^^^^^^^^^^^
  File "/scratch/ml9715/CLASSIFIER/myenv/lib/python3.11/site-packages/yaml/__init__.py", line 125, in safe_load
    return load(stream, SafeLoader)
           ^^^^^^^^^^^^^^^^^^^^^^^^
  File "/scratch/ml9715/CLASSIFIER/myenv/lib/python3.11/site-packages/yaml/__init__.py", line 81, in load
    return loader.get_single_data()
           ^^^^^^^^^^^^^^^^^^^^^^^^
  File "/scratch/ml9715/CLASSIFIER/myenv/lib/python3.11/site-packages/yaml/constructor.py", line 49, in get_single_data
    node = self.get_single_node()
           ^^^^^^^^^^^^^^^^^^^^^^
  File "/scratch/ml9715/CLASSIFIER/myenv/lib/python3.11/site-packages/yaml/composer.py", line 36, in get_single_node
    document = self.compose_document()
               ^^^^^^^^^^^^^^^^^^^^^^^
  File "/scratch/ml9715/CLASSIFIER/myenv/lib/python3.11/site-packages/yaml/composer.py", line 55, in compose_document
    node = self.compose_node(None, None)
           ^^^^^^^^^^^^^^^^^^^^^^^^^^^^^
  File "/scratch/ml9715/CLASSIFIER/myenv/lib/python3.11/site-packages/yaml/composer.py", line 84, in compose_node
    node = self.compose_mapping_node(anchor)
           ^^^^^^^^^^^^^^^^^^^^^^^^^^^^^^^^^
  File "/scratch/ml9715/CLASSIFIER/myenv/lib/python3.11/site-packages/yaml/composer.py", line 127, in compose_mapping_node
    while not self.check_event(MappingEndEvent):
              ^^^^^^^^^^^^^^^^^^^^^^^^^^^^^^^^^
  File "/scratch/ml9715/CLASSIFIER/myenv/lib/python3.11/site-packages/yaml/parser.py", line 98, in check_event
    self.current_event = self.state()
                         ^^^^^^^^^^^^
  File "/scratch/ml9715/CLASSIFIER/myenv/lib/python3.11/site-packages/yaml/parser.py", line 438, in parse_block_mapping_key
    raise ParserError("while parsing a block mapping", self.marks[-1],
yaml.parser.ParserError: while parsing a block mapping
  in "config.yaml", line 1, column 1
expected <block end>, but found '<scalar>'
  in "config.yaml", line 1, column 43
[2025-12-02 02:13:27,419] torch.distributed.elastic.multiprocessing.api: [ERROR] failed (exitcode: 1) local_rank: 0 (pid: 422723) of binary: /scratch/ml9715/CLASSIFIER/myenv/bin/python3.11
Traceback (most recent call last):
  File "/scratch/ml9715/CLASSIFIER/myenv/bin/torchrun", line 8, in <module>
    sys.exit(main())
             ^^^^^^
  File "/scratch/ml9715/CLASSIFIER/myenv/lib/python3.11/site-packages/torch/distributed/elastic/multiprocessing/errors/__init__.py", line 347, in wrapper
    return f(*args, **kwargs)
           ^^^^^^^^^^^^^^^^^^
  File "/scratch/ml9715/CLASSIFIER/myenv/lib/python3.11/site-packages/torch/distributed/run.py", line 812, in main
    run(args)
  File "/scratch/ml9715/CLASSIFIER/myenv/lib/python3.11/site-packages/torch/distributed/run.py", line 803, in run
    elastic_launch(
  File "/scratch/ml9715/CLASSIFIER/myenv/lib/python3.11/site-packages/torch/distributed/launcher/api.py", line 135, in __call__
    return launch_agent(self._config, self._entrypoint, list(args))
           ^^^^^^^^^^^^^^^^^^^^^^^^^^^^^^^^^^^^^^^^^^^^^^^^^^^^^^^^
  File "/scratch/ml9715/CLASSIFIER/myenv/lib/python3.11/site-packages/torch/distributed/launcher/api.py", line 268, in launch_agent
    raise ChildFailedError(
torch.distributed.elastic.multiprocessing.errors.ChildFailedError: 
============================================================
/scratch/ml9715/monte-carlo-collective/experiments.py FAILED
------------------------------------------------------------
Failures:
  <NO_OTHER_FAILURES>
------------------------------------------------------------
Root Cause (first observed failure):
[0]:
  time      : 2025-12-02_02:13:27
  host      : gr001.hpc.nyu.edu
  rank      : 0 (local_rank: 0)
  exitcode  : 1 (pid: 422723)
  error_file: <N/A>
  traceback : To enable traceback see: https://pytorch.org/docs/stable/elastic/errors.html
============================================================
